/*C4*/SET SCHEMA PUBLIC
DISCONNECT
/*C7*/SET SCHEMA PUBLIC
CREATE USER root PASSWORD root ADMIN
DISCONNECT
/*C8*/SET SCHEMA PUBLIC
DISCONNECT
/*C6*/SET SCHEMA PUBLIC
DISCONNECT
/*C5*/SET SCHEMA PUBLIC
DISCONNECT
/*C11*/SET SCHEMA PUBLIC
CREATE TABLE user (\u000d\u000a   id INT  NOT NULL,\u000d\u000a   name VARCHAR (45),\u000d\u000a   password VARCHAR (255),  \u000d\u000a   role VARCHAR (10),\u000d\u000a   PRIMARY KEY (id)\u000d\u000a)\u000d\u000a
DISCONNECT
/*C12*/SET SCHEMA PUBLIC
INSERT INTO USER VALUES(1,'admin','$2a$10$VwCoHFg2uIfLfRvFCO7D4ePQasTaGb7k19imN44eViEZiwvZjr2y2','ADMIN')
COMMIT
DISCONNECT
/*C13*/SET SCHEMA PUBLIC
DISCONNECT
/*C14*/SET SCHEMA PUBLIC
DISCONNECT
/*C15*/SET SCHEMA PUBLIC
drop table user
CREATE TABLE user (\u000d\u000a   id INT  NOT NULL IDENTITY,\u000d\u000a   name VARCHAR (45),\u000d\u000a   password VARCHAR (255),  \u000d\u000a   role VARCHAR (10),\u000d\u000a   PRIMARY KEY (id)\u000d\u000a)
INSERT INTO USER VALUES(1,'admin','$2a$10$VwCoHFg2uIfLfRvFCO7D4ePQasTaGb7k19imN44eViEZiwvZjr2y2','ADMIN')
COMMIT
DISCONNECT
/*C16*/SET SCHEMA PUBLIC
drop table user
CREATE TABLE user (\u000d\u000a   id INT  NOT NULL IDENTITY,\u000d\u000a   name VARCHAR (45),\u000d\u000a   password VARCHAR (255),  \u000d\u000a   role VARCHAR (10),\u000d\u000a   PRIMARY KEY (id)\u000d\u000a)
INSERT INTO USER VALUES(1,'admin','$2a$10$VwCoHFg2uIfLfRvFCO7D4ePQasTaGb7k19imN44eViEZiwvZjr2y2','ADMIN')
COMMIT
DISCONNECT
/*C17*/SET SCHEMA PUBLIC
DISCONNECT
/*C18*/SET SCHEMA PUBLIC
DISCONNECT
/*C10*/SET SCHEMA PUBLIC
DISCONNECT
/*C9*/SET SCHEMA PUBLIC
DISCONNECT
/*C21*/SET SCHEMA PUBLIC
DISCONNECT
/*C22*/SET SCHEMA PUBLIC
CREATE TABLE activity (\u000d\u000a   id INT  NOT NULL IDENTITY,\u000d\u000a   distance float (20),\u000d\u000a   run_date date,  \u000d\u000a   run_time INT,\u000d\u000a   id_user INT,\u000d\u000a   FOREIGN KEY (id_user) REFERENCES user(id),\u000d\u000a   PRIMARY KEY (id)\u000d\u000a)\u000d\u000a
DISCONNECT
/*C23*/SET SCHEMA PUBLIC
DISCONNECT
/*C24*/SET SCHEMA PUBLIC
DISCONNECT
/*C25*/SET SCHEMA PUBLIC
DISCONNECT
/*C26*/SET SCHEMA PUBLIC
DISCONNECT
/*C27*/SET SCHEMA PUBLIC
INSERT INTO ACTIVITY VALUES(0,3.5E0,'2019-01-19',30,1)
COMMIT
DISCONNECT
/*C28*/SET SCHEMA PUBLIC
DISCONNECT
/*C29*/SET SCHEMA PUBLIC
drop table activity\u000d\u000a
CREATE TABLE activity (\u000d\u000a   id INT  NOT NULL IDENTITY,\u000d\u000a   distance float (20),\u000d\u000a   run_date date,  \u000d\u000a   run_time INT,\u000d\u000a   id_user INT,\u000d\u000a   FOREIGN KEY (id_user) REFERENCES user(id),\u000d\u000a   PRIMARY KEY (id)\u000d\u000a)\u000d\u000a
INSERT INTO ACTIVITY VALUES(0,3.5E0,'2019-01-19',30,1)
COMMIT
DISCONNECT
/*C19*/SET SCHEMA PUBLIC
DISCONNECT
/*C20*/SET SCHEMA PUBLIC
DISCONNECT
/*C32*/SET SCHEMA PUBLIC
DISCONNECT
/*C33*/SET SCHEMA PUBLIC
drop table activity\u000d\u000a
CREATE TABLE activity (\u000d\u000a   id INT  NOT NULL IDENTITY,\u000d\u000a   distance float (20),\u000d\u000a   run_date date,  \u000d\u000a   run_time INT,\u000d\u000a   id_user INT,\u000d\u000a   FOREIGN KEY (id_user) REFERENCES user(id),\u000d\u000a   PRIMARY KEY (id)\u000d\u000a)\u000d\u000a
INSERT INTO ACTIVITY VALUES(0,3.5E0,'2019-01-19',30,1)
COMMIT
INSERT INTO ACTIVITY VALUES(1,4.0E0,'2019-01-18',35,1)
COMMIT
DISCONNECT
/*C34*/SET SCHEMA PUBLIC
DISCONNECT
/*C35*/SET SCHEMA PUBLIC
CREATE TABLE users (\u000d\u000a   id INT  NOT NULL IDENTITY,\u000d\u000a   username VARCHAR (45),\u000d\u000a   password VARCHAR (255),  \u000d\u000a   PRIMARY KEY (id)\u000d\u000a)\u000d\u000a
CREATE TABLE roles (\u000d\u000a   id INT  NOT NULL IDENTITY,\u000d\u000a   name VARCHAR (45),\u000d\u000a   PRIMARY KEY (id)\u000d\u000a)\u000d\u000a
INSERT INTO ROLES VALUES(1,'ROLE_USER')
COMMIT
INSERT INTO ROLES VALUES(2,'ROLE_ADMIN')
COMMIT
INSERT INTO USERS VALUES(1,'admin','$2a$10$VwCoHFg2uIfLfRvFCO7D4ePQasTaGb7k19imN44eViEZiwvZjr2y2')
COMMIT
INSERT INTO USERS VALUES(2,'user','$2a$10$.NOJmOt6y1Zbwg42ge4HautmqtAQb2yx0chvI0TQMNW9bZZG03bbW')
COMMIT
DISCONNECT
/*C36*/SET SCHEMA PUBLIC
drop table activity\u000d\u000a
drop table user\u000d\u000a
DISCONNECT
/*C37*/SET SCHEMA PUBLIC
DISCONNECT
/*C38*/SET SCHEMA PUBLIC
DISCONNECT
/*C31*/SET SCHEMA PUBLIC
DISCONNECT
/*C30*/SET SCHEMA PUBLIC
DISCONNECT
/*C41*/SET SCHEMA PUBLIC
drop table roles\u000d\u000a
drop table users\u000d\u000a
DISCONNECT
/*C39*/SET SCHEMA PUBLIC
DISCONNECT
/*C40*/SET SCHEMA PUBLIC
DISCONNECT
/*C44*/SET SCHEMA PUBLIC
CREATE TABLE users (\u000d\u000a   id INT  NOT NULL IDENTITY,\u000d\u000a   username VARCHAR (45),\u000d\u000a   password VARCHAR (255),  \u000d\u000a   PRIMARY KEY (id)\u000d\u000a)\u000d\u000a
CREATE TABLE roles (\u000d\u000a   id INT  NOT NULL IDENTITY,\u000d\u000a   name VARCHAR (45),\u000d\u000a   PRIMARY KEY (id)\u000d\u000a)\u000d\u000a
INSERT INTO ROLES VALUES(1,'ROLE_USER')
COMMIT
INSERT INTO ROLES VALUES(2,'ROLE_ADMIN')
COMMIT
INSERT INTO USERS VALUES(1,'admin','$2a$10$VwCoHFg2uIfLfRvFCO7D4ePQasTaGb7k19imN44eViEZiwvZjr2y2')
COMMIT
INSERT INTO USERS VALUES(2,'user','$2a$10$.NOJmOt6y1Zbwg42ge4HautmqtAQb2yx0chvI0TQMNW9bZZG03bbW')
COMMIT
DISCONNECT
/*C45*/SET SCHEMA PUBLIC
drop table roles\u000d\u000a
drop table users\u000d\u000a
DISCONNECT
/*C43*/SET SCHEMA PUBLIC
DISCONNECT
/*C42*/SET SCHEMA PUBLIC
DISCONNECT
/*C48*/SET SCHEMA PUBLIC
CREATE TABLE users (\u000d\u000a   id INT  NOT NULL IDENTITY,\u000d\u000a   username VARCHAR (45),\u000d\u000a   password VARCHAR (255),  \u000d\u000a   PRIMARY KEY (id)\u000d\u000a)\u000d\u000a
CREATE TABLE roles (\u000d\u000a   id INT  NOT NULL IDENTITY,\u000d\u000a   name VARCHAR (45),\u000d\u000a   PRIMARY KEY (id)\u000d\u000a)\u000d\u000a
CREATE TABLE user_roles (\u000d\u000a   user_id INT  NOT NULL,\u000d\u000a   role_id INT NOT NULL,\u000d\u000a   PRIMARY KEY (user_id)\u000d\u000a)\u000d\u000a
INSERT INTO ROLES VALUES(1,'ROLE_USER')
COMMIT
INSERT INTO ROLES VALUES(2,'ROLE_ADMIN')
COMMIT
INSERT INTO USERS VALUES(1,'admin','$2a$10$VwCoHFg2uIfLfRvFCO7D4ePQasTaGb7k19imN44eViEZiwvZjr2y2')
COMMIT
INSERT INTO USERS VALUES(2,'user','$2a$10$.NOJmOt6y1Zbwg42ge4HautmqtAQb2yx0chvI0TQMNW9bZZG03bbW')
COMMIT
INSERT INTO USER_ROLES VALUES(1,2)
COMMIT
INSERT INTO USER_ROLES VALUES(2,1)
COMMIT
DISCONNECT
/*C49*/SET SCHEMA PUBLIC
drop table user_roles\u000d\u000a
drop table roles\u000d\u000a
drop table users\u000d\u000a
DISCONNECT
/*C46*/SET SCHEMA PUBLIC
DISCONNECT
/*C47*/SET SCHEMA PUBLIC
DISCONNECT
/*C52*/SET SCHEMA PUBLIC
CREATE TABLE users (\u000d\u000a   id INT  NOT NULL IDENTITY,\u000d\u000a   username VARCHAR (45),\u000d\u000a   password VARCHAR (255),  \u000d\u000a   PRIMARY KEY (id)\u000d\u000a)\u000d\u000a
CREATE TABLE roles (\u000d\u000a   id INT  NOT NULL IDENTITY,\u000d\u000a   name VARCHAR (45),\u000d\u000a   PRIMARY KEY (id)\u000d\u000a)\u000d\u000a
CREATE TABLE user_roles (\u000d\u000a   user_id INT  NOT NULL,\u000d\u000a   role_id INT NOT NULL,\u000d\u000a   PRIMARY KEY (user_id)\u000d\u000a)\u000d\u000a
CREATE TABLE activity (\u000d\u000a   id INT  NOT NULL IDENTITY,\u000d\u000a   distance float (20),\u000d\u000a   run_date date,  \u000d\u000a   run_time INT,\u000d\u000a   id_user INT,\u000d\u000a   FOREIGN KEY (id_user) REFERENCES users(id),\u000d\u000a   PRIMARY KEY (id)\u000d\u000a)\u000d\u000a
INSERT INTO ROLES VALUES(1,'ROLE_USER')
COMMIT
INSERT INTO ROLES VALUES(2,'ROLE_ADMIN')
COMMIT
INSERT INTO USERS VALUES(1,'admin','$2a$10$VwCoHFg2uIfLfRvFCO7D4ePQasTaGb7k19imN44eViEZiwvZjr2y2')
COMMIT
INSERT INTO USERS VALUES(2,'user','$2a$10$.NOJmOt6y1Zbwg42ge4HautmqtAQb2yx0chvI0TQMNW9bZZG03bbW')
COMMIT
INSERT INTO USER_ROLES VALUES(1,2)
COMMIT
INSERT INTO USER_ROLES VALUES(2,1)
COMMIT
INSERT INTO ACTIVITY VALUES(0,3.5E0,'2019-01-19',30,2)
COMMIT
INSERT INTO ACTIVITY VALUES(1,4.0E0,'2019-01-18',35,2)
COMMIT
DISCONNECT
/*C50*/SET SCHEMA PUBLIC
DISCONNECT
/*C51*/SET SCHEMA PUBLIC
DISCONNECT
/*C54*/SET SCHEMA PUBLIC
DISCONNECT
/*C53*/SET SCHEMA PUBLIC
DISCONNECT
